success on adding data 2022-07-01:20:39:20 
success on adding data 2022-07-01:20:39:30 
success on adding data 2022-07-01:20:39:40 
success on adding data 2022-07-01:20:39:50 
success on adding data 2022-07-01:20:40:00 
success on adding data 2022-07-01:20:40:10 
success on adding data 2022-07-01:20:40:20 
success on adding data 2022-07-01:20:40:30 
success on adding data 2022-07-01:20:40:40 
success on adding data 2022-07-01:20:40:50 
success on adding data 2022-07-01:20:41:00 
success on adding data 2022-07-01:20:41:10 
success on adding data 2022-07-01:20:41:20 
success on adding data 2022-07-01:20:41:30 
success on adding data 2022-07-01:20:41:40 
success on adding data 2022-07-01:20:41:50 
success on adding data 2022-07-01:20:42:00 
success on adding data 2022-07-01:20:42:10 
success on adding data 2022-07-01:20:42:20 
success on adding data 2022-07-01:20:42:30 
success on adding data 2022-07-01:20:42:40 
success on adding data 2022-07-01:20:42:50 
success on adding data 2022-07-01:20:43:00 
success on adding data 2022-07-01:20:43:10 
success on adding data 2022-07-01:20:43:20 
success on adding data 2022-07-01:20:43:30 
success on adding data 2022-07-01:20:43:40 
success on adding data 2022-07-01:20:43:50 
success on adding data 2022-07-01:20:44:00 
success on adding data 2022-07-01:20:44:10 
success on adding data 2022-07-01:20:44:20 
success on adding data 2022-07-01:20:44:30 
success on adding data 2022-07-01:20:44:40 
success on adding data 2022-07-01:20:44:50 
success on adding data 2022-07-01:20:45:00 
success on adding data 2022-07-01:20:45:10 
success on adding data 2022-07-01:20:45:20 
success on adding data 2022-07-01:20:45:30 
success on adding data 2022-07-01:20:45:40 
success on adding data 2022-07-01:20:45:50 
success on adding data 2022-07-01:20:46:00 
success on adding data 2022-07-01:20:46:10 
success on adding data 2022-07-01:20:46:30 
success on adding data 2022-07-01:20:46:40 
success on adding data 2022-07-01:20:46:50 
success on adding data 2022-07-01:20:47:00 
success on adding data 2022-07-01:20:47:10 
success on adding data 2022-07-01:20:47:20 
success on adding data 2022-07-01:20:47:40 
success on adding data 2022-07-01:20:47:50 
success on adding data 2022-07-01:20:48:00 
success on adding data 2022-07-01:20:48:10 
success on adding data 2022-07-01:20:48:20 
success on adding data 2022-07-01:20:48:30 
success on adding data 2022-07-01:20:48:40 
success on adding data 2022-07-01:20:48:50 
success on adding data 2022-07-01:20:49:00 
success on adding data 2022-07-01:20:49:10 
success on adding data 2022-07-01:20:49:20 
success on adding data 2022-07-01:20:49:30 
success on adding data 2022-07-01:20:49:40 
success on adding data 2022-07-01:20:49:50 
success on adding data 2022-07-01:20:50:00 
success on adding data 2022-07-01:20:50:10 
success on adding data 2022-07-01:20:50:20 
success on adding data 2022-07-01:20:50:30 
success on adding data 2022-07-01:20:50:40 
success on adding data 2022-07-01:20:50:50 
success on adding data 2022-07-01:20:51:00 
success on adding data 2022-07-01:20:51:10 
success on adding data 2022-07-01:20:51:20 
success on adding data 2022-07-01:20:51:30 
success on adding data 2022-07-01:20:51:40 
success on adding data 2022-07-01:20:51:50 
success on adding data 2022-07-01:20:52:00 
success on adding data 2022-07-01:20:52:10 
success on adding data 2022-07-01:20:52:20 
success on adding data 2022-07-01:20:52:30 
success on adding data 2022-07-01:20:52:40 
success on adding data 2022-07-01:20:52:50 
success on adding data 2022-07-01:20:53:00 
success on adding data 2022-07-01:20:53:10 
success on adding data 2022-07-01:20:53:20 
success on adding data 2022-07-01:20:53:30 
success on adding data 2022-07-01:20:53:40 
success on adding data 2022-07-01:20:53:50 
success on adding data 2022-07-01:20:54:00 
success on adding data 2022-07-01:20:54:20 
success on adding data 2022-07-01:20:54:30 
success on adding data 2022-07-01:20:54:40 
success on adding data 2022-07-01:20:54:50 
success on adding data 2022-07-01:20:55:00 
success on adding data 2022-07-01:20:55:20 
success on adding data 2022-07-01:20:55:30 
success on adding data 2022-07-01:20:55:40 
success on adding data 2022-07-01:20:55:50 
success on adding data 2022-07-01:20:56:00 
success on adding data 2022-07-01:20:56:10 
success on adding data 2022-07-01:20:56:20 
success on adding data 2022-07-01:20:56:30 
success on adding data 2022-07-01:20:56:40 
success on adding data 2022-07-01:20:56:50 
success on adding data 2022-07-01:20:57:00 
success on adding data 2022-07-01:20:57:10 
success on adding data 2022-07-01:20:57:20 
success on adding data 2022-07-01:20:57:30 
success on adding data 2022-07-01:20:57:40 
success on adding data 2022-07-01:20:57:50 
success on adding data 2022-07-01:20:58:00 
success on adding data 2022-07-01:20:58:10 
success on adding data 2022-07-01:20:58:20 
success on adding data 2022-07-01:20:58:30 
success on adding data 2022-07-01:20:58:40 
success on adding data 2022-07-01:20:58:50 
success on adding data 2022-07-01:20:59:00 
success on adding data 2022-07-01:20:59:10 
success on adding data 2022-07-01:20:59:20 
success on adding data 2022-07-01:20:59:30 
success on adding data 2022-07-01:20:59:40 
success on adding data 2022-07-01:20:59:50 
success on adding data 2022-07-01:21:00:00 
success on adding data 2022-07-01:21:00:10 
success on adding data 2022-07-01:21:00:20 
success on adding data 2022-07-01:21:00:30 
success on adding data 2022-07-01:21:00:40 
success on adding data 2022-07-01:21:00:50 
success on adding data 2022-07-01:21:01:00 
success on adding data 2022-07-01:21:01:10 
success on adding data 2022-07-01:21:01:20 
success on adding data 2022-07-01:21:01:30 
success on adding data 2022-07-01:21:01:40 
success on adding data 2022-07-01:21:01:50 
success on adding data 2022-07-01:21:02:00 
success on adding data 2022-07-01:21:02:10 
success on adding data 2022-07-01:21:02:20 
success on adding data 2022-07-01:21:02:30 
success on adding data 2022-07-01:21:02:40 
success on adding data 2022-07-01:21:02:50 
success on adding data 2022-07-01:21:03:00 
success on adding data 2022-07-01:21:03:10 
success on adding data 2022-07-01:21:03:20 
success on adding data 2022-07-01:21:03:30 
success on adding data 2022-07-01:21:03:40 
success on adding data 2022-07-01:21:03:50 
success on adding data 2022-07-01:21:04:00 
success on adding data 2022-07-01:21:04:10 
success on adding data 2022-07-01:21:04:20 
success on adding data 2022-07-01:21:04:30 
success on adding data 2022-07-01:21:04:40 
success on adding data 2022-07-01:21:04:50 
success on adding data 2022-07-01:21:05:00 
success on adding data 2022-07-01:21:05:10 
success on adding data 2022-07-01:21:05:20 
success on adding data 2022-07-01:21:05:30 
success on adding data 2022-07-01:21:05:40 
success on adding data 2022-07-01:21:05:50 
success on adding data 2022-07-01:21:06:00 
success on adding data 2022-07-01:21:06:10 
success on adding data 2022-07-01:21:06:20 
success on adding data 2022-07-01:21:06:30 
success on adding data 2022-07-01:21:06:40 
success on adding data 2022-07-01:21:06:50 
success on adding data 2022-07-01:21:07:00 
success on adding data 2022-07-01:21:07:10 
success on adding data 2022-07-01:21:07:20 
success on adding data 2022-07-01:21:07:30 
success on adding data 2022-07-01:21:07:40 
success on adding data 2022-07-01:21:07:50 
success on adding data 2022-07-01:21:08:00 
success on adding data 2022-07-01:21:08:10 
success on adding data 2022-07-01:21:08:20 
success on adding data 2022-07-01:21:08:30 
success on adding data 2022-07-01:21:08:40 
success on adding data 2022-07-01:21:08:50 
success on adding data 2022-07-01:21:09:00 
success on adding data 2022-07-01:21:09:10 
success on adding data 2022-07-01:21:09:20 
success on adding data 2022-07-01:21:09:30 
success on adding data 2022-07-01:21:09:40 
success on adding data 2022-07-01:21:09:50 
success on adding data 2022-07-01:21:10:00 
success on adding data 2022-07-01:21:10:10 
success on adding data 2022-07-01:21:10:20 
success on adding data 2022-07-01:21:10:30 
success on adding data 2022-07-01:21:10:40 
success on adding data 2022-07-01:21:10:50 
success on adding data 2022-07-01:21:11:00 
success on adding data 2022-07-01:21:11:10 
success on adding data 2022-07-01:21:11:20 
success on adding data 2022-07-01:21:11:30 
success on adding data 2022-07-01:21:11:40 
success on adding data 2022-07-01:21:11:50 
success on adding data 2022-07-01:21:12:00 
success on adding data 2022-07-01:21:12:10 
success on adding data 2022-07-01:21:12:20 
success on adding data 2022-07-01:21:12:30 
success on adding data 2022-07-01:21:12:40 
success on adding data 2022-07-01:21:12:50 
success on adding data 2022-07-01:21:13:00 
success on adding data 2022-07-01:21:13:10 
success on adding data 2022-07-01:21:13:20 
success on adding data 2022-07-01:21:13:30 
success on adding data 2022-07-01:21:13:40 
success on adding data 2022-07-01:21:13:50 
success on adding data 2022-07-01:21:14:00 
success on adding data 2022-07-01:21:14:10 
success on adding data 2022-07-01:21:14:20 
success on adding data 2022-07-01:21:14:30 
success on adding data 2022-07-01:21:14:40 
success on adding data 2022-07-01:21:14:50 
success on adding data 2022-07-01:21:15:00 
success on adding data 2022-07-01:21:15:10 
success on adding data 2022-07-01:21:15:20 
success on adding data 2022-07-01:21:15:30 
success on adding data 2022-07-01:21:15:40 
success on adding data 2022-07-01:21:15:50 
success on adding data 2022-07-01:21:16:00 
success on adding data 2022-07-01:21:16:10 
success on adding data 2022-07-01:21:16:20 
success on adding data 2022-07-01:21:16:30 
success on adding data 2022-07-01:21:16:40 
success on adding data 2022-07-01:21:16:50 
success on adding data 2022-07-01:21:17:00 
success on adding data 2022-07-01:21:17:10 
success on adding data 2022-07-01:21:17:20 
success on adding data 2022-07-01:21:17:30 
success on adding data 2022-07-01:21:17:40 
success on adding data 2022-07-01:21:17:50 
success on adding data 2022-07-01:21:18:00 
success on adding data 2022-07-01:21:18:10 
success on adding data 2022-07-01:21:18:20 
success on adding data 2022-07-01:21:18:30 
success on adding data 2022-07-01:21:18:40 
success on adding data 2022-07-01:21:18:50 
success on adding data 2022-07-01:21:19:00 
success on adding data 2022-07-01:21:19:10 
success on adding data 2022-07-01:21:19:20 
success on adding data 2022-07-01:21:19:30 
success on adding data 2022-07-01:21:19:40 
success on adding data 2022-07-01:21:19:50 
success on adding data 2022-07-01:21:20:00 
success on adding data 2022-07-01:21:20:10 
success on adding data 2022-07-01:21:20:20 
success on adding data 2022-07-01:21:20:30 
success on adding data 2022-07-01:21:20:40 
success on adding data 2022-07-01:21:20:50 
success on adding data 2022-07-01:21:21:00 
success on adding data 2022-07-01:21:21:10 
success on adding data 2022-07-01:21:21:20 
success on adding data 2022-07-01:21:21:30 
success on adding data 2022-07-01:21:21:40 
success on adding data 2022-07-01:21:21:50 
success on adding data 2022-07-01:21:22:00 
success on adding data 2022-07-01:21:22:10 
success on adding data 2022-07-01:21:22:20 
success on adding data 2022-07-01:21:22:30 
success on adding data 2022-07-01:21:22:40 
success on adding data 2022-07-01:21:22:50 
success on adding data 2022-07-01:21:23:00 
success on adding data 2022-07-01:21:23:10 
success on adding data 2022-07-01:21:23:20 
success on adding data 2022-07-01:21:23:30 
success on adding data 2022-07-01:21:23:40 
success on adding data 2022-07-01:21:24:00 
success on adding data 2022-07-01:21:24:10 
success on adding data 2022-07-01:21:24:20 
success on adding data 2022-07-01:21:24:30 
success on adding data 2022-07-01:21:24:40 
success on adding data 2022-07-01:21:24:50 
success on adding data 2022-07-01:21:25:00 
success on adding data 2022-07-01:21:25:10 
success on adding data 2022-07-01:21:25:30 
success on adding data 2022-07-01:21:25:40 
success on adding data 2022-07-01:21:25:50 
success on adding data 2022-07-01:21:26:00 
success on adding data 2022-07-01:21:26:20 
success on adding data 2022-07-01:21:26:30 
success on adding data 2022-07-01:21:26:40 
success on adding data 2022-07-01:21:26:50 
success on adding data 2022-07-01:21:27:00 
success on adding data 2022-07-01:21:27:10 
success on adding data 2022-07-01:21:27:20 
success on adding data 2022-07-01:21:27:30 
success on adding data 2022-07-01:21:27:40 
success on adding data 2022-07-01:21:27:50 
success on adding data 2022-07-01:21:28:00 
success on adding data 2022-07-01:21:28:10 
success on adding data 2022-07-01:21:28:20 
success on adding data 2022-07-01:21:28:30 
success on adding data 2022-07-01:21:28:40 
success on adding data 2022-07-01:21:28:50 
success on adding data 2022-07-01:21:29:00 
success on adding data 2022-07-01:21:29:10 
success on adding data 2022-07-01:21:29:20 
success on adding data 2022-07-01:21:29:30 
success on adding data 2022-07-01:21:29:40 
success on adding data 2022-07-01:21:29:50 
success on adding data 2022-07-01:21:30:00 
success on adding data 2022-07-01:21:30:10 
success on adding data 2022-07-01:21:30:20 
success on adding data 2022-07-01:21:30:30 
success on adding data 2022-07-01:21:30:40 
success on adding data 2022-07-01:21:30:50 
success on adding data 2022-07-01:21:31:00 
success on adding data 2022-07-01:21:31:10 
success on adding data 2022-07-01:21:31:20 
success on adding data 2022-07-01:21:31:30 
success on adding data 2022-07-01:21:31:40 
success on adding data 2022-07-01:21:31:50 
success on adding data 2022-07-01:21:32:00 
success on adding data 2022-07-01:21:32:10 
success on adding data 2022-07-01:21:32:20 
success on adding data 2022-07-01:21:32:30 
success on adding data 2022-07-01:21:32:40 
success on adding data 2022-07-01:21:33:00 
success on adding data 2022-07-01:21:33:10 
success on adding data 2022-07-01:21:33:20 
success on adding data 2022-07-01:21:33:30 
success on adding data 2022-07-01:21:33:40 
success on adding data 2022-07-01:21:34:00 
success on adding data 2022-07-01:21:34:10 
success on adding data 2022-07-01:21:34:20 
success on adding data 2022-07-01:21:34:30 
success on adding data 2022-07-01:21:34:40 
success on adding data 2022-07-01:21:34:50 
success on adding data 2022-07-01:21:35:00 
success on adding data 2022-07-01:21:35:10 
success on adding data 2022-07-01:21:35:20 
success on adding data 2022-07-01:21:35:30 
success on adding data 2022-07-01:21:35:40 
success on adding data 2022-07-01:21:35:50 
success on adding data 2022-07-01:21:36:00 
success on adding data 2022-07-01:21:36:10 
success on adding data 2022-07-01:21:36:20 
success on adding data 2022-07-01:21:36:30 
success on adding data 2022-07-01:21:36:40 
success on adding data 2022-07-01:21:36:50 
success on adding data 2022-07-01:21:37:00 
success on adding data 2022-07-01:21:37:10 
success on adding data 2022-07-01:21:37:20 
success on adding data 2022-07-01:21:37:30 
success on adding data 2022-07-01:21:37:40 
success on adding data 2022-07-01:21:37:50 
success on adding data 2022-07-01:21:38:00 
success on adding data 2022-07-01:21:38:10 
success on adding data 2022-07-01:21:38:20 
success on adding data 2022-07-01:21:38:30 
success on adding data 2022-07-01:21:38:40 
success on adding data 2022-07-01:21:38:50 
success on adding data 2022-07-01:21:39:00 
success on adding data 2022-07-01:21:39:10 
success on adding data 2022-07-01:21:39:20 
success on adding data 2022-07-01:21:39:30 
success on adding data 2022-07-01:21:39:40 
success on adding data 2022-07-01:21:39:50 
success on adding data 2022-07-01:21:40:00 
success on adding data 2022-07-01:21:40:10 
success on adding data 2022-07-01:21:40:20 
success on adding data 2022-07-01:21:40:30 
success on adding data 2022-07-01:21:40:40 
success on adding data 2022-07-01:21:40:50 
success on adding data 2022-07-01:21:41:00 
success on adding data 2022-07-01:21:41:10 
success on adding data 2022-07-01:21:41:20 
success on adding data 2022-07-01:21:41:30 
success on adding data 2022-07-01:21:41:40 
success on adding data 2022-07-01:21:41:50 
success on adding data 2022-07-01:21:42:00 
success on adding data 2022-07-01:21:42:10 
success on adding data 2022-07-01:21:42:20 
success on adding data 2022-07-01:21:42:30 
success on adding data 2022-07-01:21:42:40 
success on adding data 2022-07-01:21:42:50 
success on adding data 2022-07-01:21:43:00 
success on adding data 2022-07-01:21:43:10 
success on adding data 2022-07-01:21:43:20 
success on adding data 2022-07-01:21:43:30 
success on adding data 2022-07-01:21:43:40 
success on adding data 2022-07-01:21:43:50 
success on adding data 2022-07-01:21:44:00 
success on adding data 2022-07-01:21:44:10 
success on adding data 2022-07-01:21:44:20 
success on adding data 2022-07-01:21:44:30 
success on adding data 2022-07-01:21:44:40 
success on adding data 2022-07-01:21:44:50 
success on adding data 2022-07-01:21:45:00 
success on adding data 2022-07-01:21:45:10 
success on adding data 2022-07-01:21:45:20 
success on adding data 2022-07-01:21:45:30 
success on adding data 2022-07-01:21:45:40 
success on adding data 2022-07-01:21:45:50 
success on adding data 2022-07-01:21:46:00 
success on adding data 2022-07-01:21:46:10 
success on adding data 2022-07-01:21:46:20 
success on adding data 2022-07-01:21:46:30 
success on adding data 2022-07-01:21:46:40 
success on adding data 2022-07-01:21:46:50 
success on adding data 2022-07-01:21:47:00 
success on adding data 2022-07-01:21:47:10 
success on adding data 2022-07-01:21:47:20 
success on adding data 2022-07-01:21:47:30 
success on adding data 2022-07-01:21:47:40 
success on adding data 2022-07-01:21:47:50 
success on adding data 2022-07-01:21:48:00 
success on adding data 2022-07-01:21:48:10 
success on adding data 2022-07-01:21:48:20 
success on adding data 2022-07-01:21:48:30 
success on adding data 2022-07-01:21:48:40 
success on adding data 2022-07-01:21:48:50 
success on adding data 2022-07-01:21:49:00 
success on adding data 2022-07-01:21:49:10 
success on adding data 2022-07-01:21:49:20 
success on adding data 2022-07-01:21:49:30 
success on adding data 2022-07-01:21:49:40 
success on adding data 2022-07-01:21:49:50 
success on adding data 2022-07-01:21:50:00 
success on adding data 2022-07-01:21:50:10 
success on adding data 2022-07-01:21:50:20 
success on adding data 2022-07-01:21:50:30 
success on adding data 2022-07-01:21:50:40 
success on adding data 2022-07-01:21:50:50 
success on adding data 2022-07-01:21:51:00 
success on adding data 2022-07-01:21:51:10 
success on adding data 2022-07-01:21:51:20 
success on adding data 2022-07-01:21:51:30 
success on adding data 2022-07-01:21:51:40 
success on adding data 2022-07-01:21:51:50 
success on adding data 2022-07-01:21:52:00 
success on adding data 2022-07-01:21:52:10 
success on adding data 2022-07-01:21:52:20 
success on adding data 2022-07-01:21:52:30 
success on adding data 2022-07-01:21:52:40 
success on adding data 2022-07-01:21:52:50 
success on adding data 2022-07-01:21:53:00 
success on adding data 2022-07-01:21:53:10 
success on adding data 2022-07-01:21:53:20 
success on adding data 2022-07-01:21:53:30 
success on adding data 2022-07-01:21:53:40 
success on adding data 2022-07-01:21:53:50 
success on adding data 2022-07-01:21:54:00 
success on adding data 2022-07-01:21:54:10 
success on adding data 2022-07-01:21:54:20 
success on adding data 2022-07-01:21:54:30 
success on adding data 2022-07-01:21:54:40 
success on adding data 2022-07-01:21:54:50 
success on adding data 2022-07-01:21:55:00 
success on adding data 2022-07-01:21:55:10 
success on adding data 2022-07-01:21:55:20 
success on adding data 2022-07-01:21:55:30 
success on adding data 2022-07-01:21:55:40 
success on adding data 2022-07-01:21:55:50 
success on adding data 2022-07-01:21:56:00 
success on adding data 2022-07-01:21:56:10 
success on adding data 2022-07-01:21:56:20 
success on adding data 2022-07-01:21:56:30 
success on adding data 2022-07-01:21:56:40 
success on adding data 2022-07-01:21:56:50 
success on adding data 2022-07-01:21:57:00 
success on adding data 2022-07-01:21:57:10 
success on adding data 2022-07-01:21:57:20 
success on adding data 2022-07-01:21:57:30 
success on adding data 2022-07-01:21:57:40 
success on adding data 2022-07-01:21:57:50 
success on adding data 2022-07-01:21:58:00 
success on adding data 2022-07-01:21:58:10 
success on adding data 2022-07-01:21:58:20 
success on adding data 2022-07-01:21:58:30 
success on adding data 2022-07-01:21:58:40 
success on adding data 2022-07-01:21:58:50 
success on adding data 2022-07-01:21:59:00 
success on adding data 2022-07-01:21:59:10 
success on adding data 2022-07-01:21:59:20 
success on adding data 2022-07-01:21:59:30 
success on adding data 2022-07-01:21:59:40 
success on adding data 2022-07-01:21:59:50 
success on adding data 2022-07-01:22:00:00 
success on adding data 2022-07-01:22:00:10 
success on adding data 2022-07-01:22:00:20 
success on adding data 2022-07-01:22:00:30 
success on adding data 2022-07-01:22:00:40 
success on adding data 2022-07-01:22:00:50 
success on adding data 2022-07-01:22:01:00 
success on adding data 2022-07-01:22:01:10 
success on adding data 2022-07-01:22:01:20 
success on adding data 2022-07-01:22:01:30 
success on adding data 2022-07-01:22:01:40 
success on adding data 2022-07-01:22:01:50 
success on adding data 2022-07-01:22:02:00 
success on adding data 2022-07-01:22:02:10 
success on adding data 2022-07-01:22:02:20 
success on adding data 2022-07-01:22:02:30 
success on adding data 2022-07-01:22:02:40 
success on adding data 2022-07-01:22:02:50 
success on adding data 2022-07-01:22:03:00 
success on adding data 2022-07-01:22:03:10 
success on adding data 2022-07-01:22:03:20 
success on adding data 2022-07-01:22:03:30 
success on adding data 2022-07-01:22:03:40 
success on adding data 2022-07-01:22:04:00 
success on adding data 2022-07-01:22:04:10 
success on adding data 2022-07-01:22:04:20 
success on adding data 2022-07-01:22:04:30 
success on adding data 2022-07-01:22:04:40 
success on adding data 2022-07-01:22:05:00 
success on adding data 2022-07-01:22:05:10 
success on adding data 2022-07-01:22:05:20 
success on adding data 2022-07-01:22:05:30 
success on adding data 2022-07-01:22:05:40 
success on adding data 2022-07-01:22:05:50 
success on adding data 2022-07-01:22:06:00 
success on adding data 2022-07-01:22:06:10 
success on adding data 2022-07-01:22:06:20 
success on adding data 2022-07-01:22:06:30 
success on adding data 2022-07-01:22:06:40 
success on adding data 2022-07-01:22:06:50 
success on adding data 2022-07-01:22:07:00 
success on adding data 2022-07-01:22:07:10 
success on adding data 2022-07-01:22:07:20 
success on adding data 2022-07-01:22:07:30 
success on adding data 2022-07-01:22:07:40 
success on adding data 2022-07-01:22:07:50 
success on adding data 2022-07-01:22:08:00 
success on adding data 2022-07-01:22:08:10 
success on adding data 2022-07-01:22:08:20 
success on adding data 2022-07-01:22:08:30 
success on adding data 2022-07-01:22:08:40 
success on adding data 2022-07-01:22:08:50 
success on adding data 2022-07-01:22:09:00 
success on adding data 2022-07-01:22:09:10 
success on adding data 2022-07-01:22:09:20 
success on adding data 2022-07-01:22:09:30 
success on adding data 2022-07-01:22:09:40 
success on adding data 2022-07-01:22:10:00 
success on adding data 2022-07-01:22:10:10 
success on adding data 2022-07-01:22:10:20 
success on adding data 2022-07-01:22:10:30 
success on adding data 2022-07-01:22:10:40 
success on adding data 2022-07-01:22:10:50 
success on adding data 2022-07-01:22:11:00 
success on adding data 2022-07-01:22:11:10 
success on adding data 2022-07-01:22:11:20 
success on adding data 2022-07-01:22:11:40 
success on adding data 2022-07-01:22:11:50 
success on adding data 2022-07-01:22:12:00 
success on adding data 2022-07-01:22:12:10 
success on adding data 2022-07-01:22:12:20 
success on adding data 2022-07-01:22:12:40 
success on adding data 2022-07-01:22:12:50 
success on adding data 2022-07-01:22:13:00 
success on adding data 2022-07-01:22:13:10 
success on adding data 2022-07-01:22:13:20 
success on adding data 2022-07-01:22:13:30 
success on adding data 2022-07-01:22:13:40 
success on adding data 2022-07-01:22:13:50 
success on adding data 2022-07-01:22:14:00 
success on adding data 2022-07-01:22:14:10 
success on adding data 2022-07-01:22:14:20 
success on adding data 2022-07-01:22:14:30 
success on adding data 2022-07-01:22:14:40 
success on adding data 2022-07-01:22:14:50 
success on adding data 2022-07-01:22:15:00 
success on adding data 2022-07-01:22:15:10 
success on adding data 2022-07-01:22:15:20 
success on adding data 2022-07-01:22:15:30 
success on adding data 2022-07-01:22:15:40 
success on adding data 2022-07-01:22:15:50 
success on adding data 2022-07-01:22:16:00 
success on adding data 2022-07-01:22:16:10 
success on adding data 2022-07-01:22:16:20 
success on adding data 2022-07-01:22:16:30 
success on adding data 2022-07-01:22:16:40 
success on adding data 2022-07-01:22:16:50 
success on adding data 2022-07-01:22:17:00 
success on adding data 2022-07-01:22:17:10 
success on adding data 2022-07-01:22:17:20 
success on adding data 2022-07-01:22:17:30 
success on adding data 2022-07-01:22:17:40 
success on adding data 2022-07-01:22:17:50 
success on adding data 2022-07-01:22:18:00 
success on adding data 2022-07-01:22:18:10 
success on adding data 2022-07-01:22:18:20 
success on adding data 2022-07-01:22:18:30 
success on adding data 2022-07-01:22:18:40 
success on adding data 2022-07-01:22:18:50 
success on adding data 2022-07-01:22:19:00 
success on adding data 2022-07-01:22:19:10 
success on adding data 2022-07-01:22:19:30 
success on adding data 2022-07-01:22:19:40 
success on adding data 2022-07-01:22:19:50 
success on adding data 2022-07-01:22:20:00 
success on adding data 2022-07-01:22:20:10 
success on adding data 2022-07-01:22:20:30 
success on adding data 2022-07-01:22:20:40 
success on adding data 2022-07-01:22:20:50 
success on adding data 2022-07-01:22:21:00 
success on adding data 2022-07-01:22:21:10 
success on adding data 2022-07-01:22:21:20 
success on adding data 2022-07-01:22:21:30 
success on adding data 2022-07-01:22:21:40 
success on adding data 2022-07-01:22:21:50 
success on adding data 2022-07-01:22:22:00 
success on adding data 2022-07-01:22:22:10 
success on adding data 2022-07-01:22:22:20 
success on adding data 2022-07-01:22:22:30 
success on adding data 2022-07-01:22:22:40 
success on adding data 2022-07-01:22:22:50 
success on adding data 2022-07-01:22:23:00 
success on adding data 2022-07-01:22:23:10 
success on adding data 2022-07-01:22:23:20 
success on adding data 2022-07-01:22:23:30 
success on adding data 2022-07-01:22:23:40 
success on adding data 2022-07-01:22:23:50 
success on adding data 2022-07-01:22:24:00 
success on adding data 2022-07-01:22:24:10 
success on adding data 2022-07-01:22:24:20 
success on adding data 2022-07-01:22:24:30 
success on adding data 2022-07-01:22:24:40 
success on adding data 2022-07-01:22:24:50 
success on adding data 2022-07-01:22:25:00 
success on adding data 2022-07-01:22:25:10 
success on adding data 2022-07-01:22:25:20 
success on adding data 2022-07-01:22:25:30 
success on adding data 2022-07-01:22:25:40 
success on adding data 2022-07-01:22:25:50 
success on adding data 2022-07-01:22:26:00 
success on adding data 2022-07-01:22:26:10 
success on adding data 2022-07-01:22:26:20 
success on adding data 2022-07-01:22:26:30 
success on adding data 2022-07-01:22:26:40 
success on adding data 2022-07-01:22:26:50 
PHP Fatal error:  Uncaught mysqli_sql_exception: Connection refused in /home/mfr03/docker-compose-lamp/www/pad2-pdu/api_pdu/config2.php:10
Stack trace:
#0 /home/mfr03/docker-compose-lamp/www/pad2-pdu/api_pdu/config2.php(10): mysqli_connect()
#1 /home/mfr03/docker-compose-lamp/www/pad2-pdu/api_pdu/get_drill_data_api.php(2): require_once('...')
#2 {main}
  thrown in /home/mfr03/docker-compose-lamp/www/pad2-pdu/api_pdu/config2.php on line 10
PHP Fatal error:  Uncaught mysqli_sql_exception: Connection refused in /home/mfr03/docker-compose-lamp/www/pad2-pdu/api_pdu/config2.php:10
Stack trace:
#0 /home/mfr03/docker-compose-lamp/www/pad2-pdu/api_pdu/config2.php(10): mysqli_connect()
#1 /home/mfr03/docker-compose-lamp/www/pad2-pdu/api_pdu/get_drill_data_api.php(2): require_once('...')
#2 {main}
  thrown in /home/mfr03/docker-compose-lamp/www/pad2-pdu/api_pdu/config2.php on line 10
PHP Fatal error:  Uncaught mysqli_sql_exception: Connection refused in /home/mfr03/docker-compose-lamp/www/pad2-pdu/api_pdu/config2.php:10
Stack trace:
#0 /home/mfr03/docker-compose-lamp/www/pad2-pdu/api_pdu/config2.php(10): mysqli_connect()
#1 /home/mfr03/docker-compose-lamp/www/pad2-pdu/api_pdu/get_drill_data_api.php(2): require_once('...')
#2 {main}
  thrown in /home/mfr03/docker-compose-lamp/www/pad2-pdu/api_pdu/config2.php on line 10
success on adding data 2022-07-01:22:27:10 
success on adding data 2022-07-01:22:27:20 
success on adding data 2022-07-01:22:27:30 
success on adding data 2022-07-01:22:27:40 
success on adding data 2022-07-01:22:27:50 
success on adding data 2022-07-01:22:28:10 
success on adding data 2022-07-01:22:28:20 
success on adding data 2022-07-01:22:28:30 
success on adding data 2022-07-01:22:28:40 
success on adding data 2022-07-01:22:28:50 
success on adding data 2022-07-01:22:29:00 
success on adding data 2022-07-01:22:29:10 
success on adding data 2022-07-01:22:29:20 
success on adding data 2022-07-01:22:29:30 
success on adding data 2022-07-01:22:29:40 
success on adding data 2022-07-01:22:29:50 
success on adding data 2022-07-01:22:30:00 
success on adding data 2022-07-01:22:30:10 
success on adding data 2022-07-01:22:30:20 
success on adding data 2022-07-01:22:30:30 
success on adding data 2022-07-01:22:30:40 
success on adding data 2022-07-01:22:30:50 
success on adding data 2022-07-01:22:31:00 
success on adding data 2022-07-01:22:31:10 
success on adding data 2022-07-01:22:31:20 
success on adding data 2022-07-01:22:31:30 
success on adding data 2022-07-01:22:31:40 
success on adding data 2022-07-01:22:31:50 
success on adding data 2022-07-01:22:32:00 
success on adding data 2022-07-01:22:32:10 
success on adding data 2022-07-01:22:32:20 
success on adding data 2022-07-01:22:32:30 
success on adding data 2022-07-01:22:32:40 
success on adding data 2022-07-01:22:32:50 
success on adding data 2022-07-01:22:33:00 
success on adding data 2022-07-01:22:33:10 
success on adding data 2022-07-01:22:33:20 
success on adding data 2022-07-01:22:33:30 
success on adding data 2022-07-01:22:33:40 
success on adding data 2022-07-01:22:33:50 
success on adding data 2022-07-01:22:34:00 
success on adding data 2022-07-01:22:34:10 
success on adding data 2022-07-01:22:34:20 
success on adding data 2022-07-01:22:34:30 
success on adding data 2022-07-01:22:34:40 
success on adding data 2022-07-01:22:35:00 
success on adding data 2022-07-01:22:35:10 
success on adding data 2022-07-01:22:35:20 
success on adding data 2022-07-01:22:35:30 
success on adding data 2022-07-01:22:35:40 
success on adding data 2022-07-01:22:36:00 
success on adding data 2022-07-01:22:36:10 
success on adding data 2022-07-01:22:36:20 
success on adding data 2022-07-01:22:36:30 
success on adding data 2022-07-01:22:36:40 
success on adding data 2022-07-01:22:36:50 
success on adding data 2022-07-01:22:37:00 
success on adding data 2022-07-01:22:37:10 
success on adding data 2022-07-01:22:37:20 
success on adding data 2022-07-01:22:37:30 
success on adding data 2022-07-01:22:37:40 
success on adding data 2022-07-01:22:37:50 
success on adding data 2022-07-01:22:38:00 
success on adding data 2022-07-01:22:38:10 
success on adding data 2022-07-01:22:38:20 
success on adding data 2022-07-01:22:38:30 
success on adding data 2022-07-01:22:38:40 
success on adding data 2022-07-01:22:38:50 
success on adding data 2022-07-01:22:39:00 
success on adding data 2022-07-01:22:39:10 
success on adding data 2022-07-01:22:39:20 
success on adding data 2022-07-01:22:39:30 
success on adding data 2022-07-01:22:39:40 
success on adding data 2022-07-01:22:39:50 
success on adding data 2022-07-01:22:40:00 
success on adding data 2022-07-01:22:40:10 
success on adding data 2022-07-01:22:40:20 
success on adding data 2022-07-01:22:40:30 
success on adding data 2022-07-01:22:40:40 
success on adding data 2022-07-01:22:40:50 
success on adding data 2022-07-01:22:41:00 
success on adding data 2022-07-01:22:41:10 
success on adding data 2022-07-01:22:41:20 
success on adding data 2022-07-01:22:41:30 
success on adding data 2022-07-01:22:41:40 
success on adding data 2022-07-01:22:41:50 
success on adding data 2022-07-01:22:42:00 
success on adding data 2022-07-01:22:42:10 
success on adding data 2022-07-01:22:42:20 
success on adding data 2022-07-01:22:42:30 
success on adding data 2022-07-01:22:42:40 
success on adding data 2022-07-01:22:42:50 
success on adding data 2022-07-01:22:43:00 
success on adding data 2022-07-01:22:43:10 
success on adding data 2022-07-01:22:43:20 
success on adding data 2022-07-01:22:43:30 
success on adding data 2022-07-01:22:43:40 
success on adding data 2022-07-01:22:43:50 
success on adding data 2022-07-01:22:44:00 
success on adding data 2022-07-01:22:44:10 
success on adding data 2022-07-01:22:44:20 
success on adding data 2022-07-01:22:44:30 
success on adding data 2022-07-01:22:44:40 
success on adding data 2022-07-01:22:44:50 
success on adding data 2022-07-01:22:45:00 
success on adding data 2022-07-01:22:45:10 
success on adding data 2022-07-01:22:45:20 
success on adding data 2022-07-01:22:45:30 
success on adding data 2022-07-01:22:45:40 
success on adding data 2022-07-01:22:45:50 
success on adding data 2022-07-01:22:46:00 
success on adding data 2022-07-01:22:46:10 
success on adding data 2022-07-01:22:46:20 
success on adding data 2022-07-01:22:46:30 
success on adding data 2022-07-01:22:46:40 
success on adding data 2022-07-01:22:46:50 
success on adding data 2022-07-01:22:47:00 
success on adding data 2022-07-01:22:47:10 
success on adding data 2022-07-01:22:47:20 
success on adding data 2022-07-01:22:47:30 
success on adding data 2022-07-01:22:47:40 
success on adding data 2022-07-01:22:47:50 
success on adding data 2022-07-01:22:48:00 
success on adding data 2022-07-01:22:48:10 
success on adding data 2022-07-01:22:48:20 
success on adding data 2022-07-01:22:48:30 
success on adding data 2022-07-01:22:48:40 
success on adding data 2022-07-01:22:48:50 
success on adding data 2022-07-01:22:49:00 
success on adding data 2022-07-01:22:49:10 
success on adding data 2022-07-01:22:49:20 
success on adding data 2022-07-01:22:49:30 
success on adding data 2022-07-01:22:49:40 
success on adding data 2022-07-01:22:49:50 
success on adding data 2022-07-01:22:50:00 
success on adding data 2022-07-01:22:50:10 
success on adding data 2022-07-01:22:50:20 
success on adding data 2022-07-01:22:50:40 
success on adding data 2022-07-01:22:50:50 
success on adding data 2022-07-01:22:51:00 
success on adding data 2022-07-01:22:51:10 
success on adding data 2022-07-01:22:51:30 
success on adding data 2022-07-01:22:51:40 
success on adding data 2022-07-01:22:51:50 
success on adding data 2022-07-01:22:52:00 
success on adding data 2022-07-01:22:52:10 
success on adding data 2022-07-01:22:52:20 
success on adding data 2022-07-01:22:52:30 
success on adding data 2022-07-01:22:52:40 
success on adding data 2022-07-01:22:52:50 
success on adding data 2022-07-01:22:53:00 
success on adding data 2022-07-01:22:53:10 
success on adding data 2022-07-01:22:53:20 
success on adding data 2022-07-01:22:53:30 
success on adding data 2022-07-01:22:53:40 
success on adding data 2022-07-01:22:53:50 
success on adding data 2022-07-01:22:54:00 
success on adding data 2022-07-01:22:54:10 
success on adding data 2022-07-01:22:54:20 
success on adding data 2022-07-01:22:54:30 
success on adding data 2022-07-01:22:54:40 
success on adding data 2022-07-01:22:54:50 
success on adding data 2022-07-01:22:55:00 
success on adding data 2022-07-01:22:55:10 
success on adding data 2022-07-01:22:55:20 
success on adding data 2022-07-01:22:55:40 
success on adding data 2022-07-01:22:55:50 
success on adding data 2022-07-01:22:56:00 
success on adding data 2022-07-01:22:56:10 
success on adding data 2022-07-01:22:56:20 
success on adding data 2022-07-01:22:56:30 
success on adding data 2022-07-01:22:56:40 
success on adding data 2022-07-01:22:56:50 
success on adding data 2022-07-01:22:57:00 
success on adding data 2022-07-01:22:57:10 
success on adding data 2022-07-01:22:57:20 
success on adding data 2022-07-01:22:57:30 
success on adding data 2022-07-01:22:57:40 
success on adding data 2022-07-01:22:57:50 
success on adding data 2022-07-01:22:58:00 
success on adding data 2022-07-01:22:58:10 
success on adding data 2022-07-01:22:58:20 
success on adding data 2022-07-01:22:58:30 
success on adding data 2022-07-01:22:58:40 
success on adding data 2022-07-01:22:58:50 
success on adding data 2022-07-01:22:59:00 
success on adding data 2022-07-01:22:59:10 
success on adding data 2022-07-01:22:59:20 
success on adding data 2022-07-01:22:59:30 
success on adding data 2022-07-01:22:59:40 
success on adding data 2022-07-01:22:59:50 
success on adding data 2022-07-01:23:00:00 
success on adding data 2022-07-01:23:00:10 
success on adding data 2022-07-01:23:00:20 
success on adding data 2022-07-01:23:00:30 
success on adding data 2022-07-01:23:00:40 
success on adding data 2022-07-01:23:00:50 
success on adding data 2022-07-01:23:01:00 
success on adding data 2022-07-01:23:01:10 
success on adding data 2022-07-01:23:01:20 
success on adding data 2022-07-01:23:01:30 
success on adding data 2022-07-01:23:01:40 
success on adding data 2022-07-01:23:01:50 
success on adding data 2022-07-01:23:02:00 
success on adding data 2022-07-01:23:02:10 
success on adding data 2022-07-01:23:02:20 
success on adding data 2022-07-01:23:02:30 
success on adding data 2022-07-01:23:02:40 
success on adding data 2022-07-01:23:02:50 
success on adding data 2022-07-01:23:03:00 
success on adding data 2022-07-01:23:03:10 
success on adding data 2022-07-01:23:03:20 
success on adding data 2022-07-01:23:03:30 
success on adding data 2022-07-01:23:03:40 
success on adding data 2022-07-01:23:03:50 
success on adding data 2022-07-01:23:04:00 
success on adding data 2022-07-01:23:04:10 
success on adding data 2022-07-01:23:04:20 
success on adding data 2022-07-01:23:04:30 
success on adding data 2022-07-01:23:04:40 
success on adding data 2022-07-01:23:04:50 
success on adding data 2022-07-01:23:05:00 
success on adding data 2022-07-01:23:05:10 
success on adding data 2022-07-01:23:05:20 
success on adding data 2022-07-01:23:05:30 
success on adding data 2022-07-01:23:05:40 
success on adding data 2022-07-01:23:05:50 
success on adding data 2022-07-01:23:06:00 
success on adding data 2022-07-01:23:06:10 
success on adding data 2022-07-01:23:06:20 
success on adding data 2022-07-01:23:06:30 
success on adding data 2022-07-01:23:06:40 
success on adding data 2022-07-01:23:06:50 
success on adding data 2022-07-01:23:07:00 
success on adding data 2022-07-01:23:07:10 
success on adding data 2022-07-01:23:07:20 
success on adding data 2022-07-01:23:07:30 
success on adding data 2022-07-01:23:07:40 
success on adding data 2022-07-01:23:07:50 
success on adding data 2022-07-01:23:08:00 
success on adding data 2022-07-01:23:08:10 
success on adding data 2022-07-01:23:08:20 
success on adding data 2022-07-01:23:08:30 
success on adding data 2022-07-01:23:08:40 
success on adding data 2022-07-01:23:08:50 
success on adding data 2022-07-01:23:09:00 
success on adding data 2022-07-01:23:09:10 
success on adding data 2022-07-01:23:09:20 
success on adding data 2022-07-01:23:09:30 
success on adding data 2022-07-01:23:09:40 
success on adding data 2022-07-01:23:09:50 
success on adding data 2022-07-01:23:10:00 
success on adding data 2022-07-01:23:10:10 
success on adding data 2022-07-01:23:10:20 
success on adding data 2022-07-01:23:10:30 
success on adding data 2022-07-01:23:10:40 
success on adding data 2022-07-01:23:10:50 
success on adding data 2022-07-01:23:11:00 
success on adding data 2022-07-01:23:11:10 
success on adding data 2022-07-01:23:11:20 
success on adding data 2022-07-01:23:11:30 
success on adding data 2022-07-01:23:11:40 
success on adding data 2022-07-01:23:11:50 
success on adding data 2022-07-01:23:12:00 
success on adding data 2022-07-01:23:12:10 
success on adding data 2022-07-01:23:12:20 
success on adding data 2022-07-01:23:12:30 
success on adding data 2022-07-01:23:12:40 
success on adding data 2022-07-01:23:12:50 
success on adding data 2022-07-01:23:13:00 
success on adding data 2022-07-01:23:13:10 
success on adding data 2022-07-01:23:13:20 
success on adding data 2022-07-01:23:13:30 
success on adding data 2022-07-01:23:13:40 
success on adding data 2022-07-01:23:13:50 
success on adding data 2022-07-01:23:14:00 
success on adding data 2022-07-01:23:14:10 
success on adding data 2022-07-01:23:14:20 
success on adding data 2022-07-01:23:14:30 
success on adding data 2022-07-01:23:14:40 
success on adding data 2022-07-01:23:14:50 
success on adding data 2022-07-01:23:15:00 
success on adding data 2022-07-01:23:15:10 
success on adding data 2022-07-01:23:15:20 
success on adding data 2022-07-01:23:15:30 
success on adding data 2022-07-01:23:15:40 
success on adding data 2022-07-01:23:15:50 
success on adding data 2022-07-01:23:16:00 
success on adding data 2022-07-01:23:16:10 
success on adding data 2022-07-01:23:16:20 
success on adding data 2022-07-01:23:16:30 
success on adding data 2022-07-01:23:16:40 
success on adding data 2022-07-01:23:16:50 
success on adding data 2022-07-01:23:17:00 
success on adding data 2022-07-01:23:17:10 
success on adding data 2022-07-01:23:17:20 
success on adding data 2022-07-01:23:17:30 
success on adding data 2022-07-01:23:17:40 
success on adding data 2022-07-01:23:17:50 
success on adding data 2022-07-01:23:18:00 
success on adding data 2022-07-01:23:18:10 
success on adding data 2022-07-01:23:18:20 
success on adding data 2022-07-01:23:18:30 
success on adding data 2022-07-01:23:18:40 
success on adding data 2022-07-01:23:18:50 
success on adding data 2022-07-01:23:19:00 
success on adding data 2022-07-01:23:19:10 
success on adding data 2022-07-01:23:19:20 
success on adding data 2022-07-01:23:19:30 
success on adding data 2022-07-01:23:19:40 
success on adding data 2022-07-01:23:19:50 
success on adding data 2022-07-01:23:20:00 
success on adding data 2022-07-01:23:20:10 
success on adding data 2022-07-01:23:20:20 
success on adding data 2022-07-01:23:20:30 
success on adding data 2022-07-01:23:20:40 
success on adding data 2022-07-01:23:20:50 
success on adding data 2022-07-01:23:21:00 
success on adding data 2022-07-01:23:21:20 
success on adding data 2022-07-01:23:21:30 
success on adding data 2022-07-01:23:21:40 
success on adding data 2022-07-01:23:21:50 
success on adding data 2022-07-01:23:22:00 
success on adding data 2022-07-01:23:22:10 
success on adding data 2022-07-01:23:22:20 
success on adding data 2022-07-01:23:22:30 
success on adding data 2022-07-01:23:22:40 
success on adding data 2022-07-01:23:22:50 
success on adding data 2022-07-01:23:23:10 
success on adding data 2022-07-01:23:23:20 
success on adding data 2022-07-01:23:23:30 
success on adding data 2022-07-01:23:23:40 
success on adding data 2022-07-01:23:23:50 
success on adding data 2022-07-01:23:24:00 
success on adding data 2022-07-01:23:24:10 
success on adding data 2022-07-01:23:24:20 
success on adding data 2022-07-01:23:24:30 
success on adding data 2022-07-01:23:24:40 
success on adding data 2022-07-01:23:24:50 
success on adding data 2022-07-01:23:25:00 
success on adding data 2022-07-01:23:25:10 
success on adding data 2022-07-01:23:25:20 
success on adding data 2022-07-01:23:25:30 
success on adding data 2022-07-01:23:25:40 
success on adding data 2022-07-01:23:25:50 
success on adding data 2022-07-01:23:26:00 
success on adding data 2022-07-01:23:26:10 
success on adding data 2022-07-01:23:26:20 
success on adding data 2022-07-01:23:26:30 
success on adding data 2022-07-01:23:26:40 
success on adding data 2022-07-01:23:26:50 
success on adding data 2022-07-01:23:27:00 
success on adding data 2022-07-01:23:27:10 
success on adding data 2022-07-01:23:27:20 
success on adding data 2022-07-01:23:27:30 
success on adding data 2022-07-01:23:27:40 
success on adding data 2022-07-01:23:27:50 
success on adding data 2022-07-01:23:28:00 
success on adding data 2022-07-01:23:28:10 
success on adding data 2022-07-01:23:28:20 
success on adding data 2022-07-01:23:28:30 
success on adding data 2022-07-01:23:28:40 
success on adding data 2022-07-01:23:28:50 
success on adding data 2022-07-01:23:29:10 
success on adding data 2022-07-01:23:29:20 
success on adding data 2022-07-01:23:29:30 
success on adding data 2022-07-01:23:29:40 
success on adding data 2022-07-01:23:29:50 
success on adding data 2022-07-01:23:30:00 
success on adding data 2022-07-01:23:30:10 
success on adding data 2022-07-01:23:30:20 
success on adding data 2022-07-01:23:30:30 
success on adding data 2022-07-01:23:30:40 
success on adding data 2022-07-01:23:31:00 
success on adding data 2022-07-01:23:31:10 
success on adding data 2022-07-01:23:31:20 
success on adding data 2022-07-01:23:31:30 
success on adding data 2022-07-01:23:31:40 
success on adding data 2022-07-01:23:31:50 
success on adding data 2022-07-01:23:32:00 
success on adding data 2022-07-01:23:32:10 
success on adding data 2022-07-01:23:32:20 
success on adding data 2022-07-01:23:32:30 
success on adding data 2022-07-01:23:32:40 
success on adding data 2022-07-01:23:32:50 
success on adding data 2022-07-01:23:33:00 
success on adding data 2022-07-01:23:33:10 
success on adding data 2022-07-01:23:33:20 
success on adding data 2022-07-01:23:33:30 
success on adding data 2022-07-01:23:33:40 
success on adding data 2022-07-01:23:33:50 
success on adding data 2022-07-01:23:34:00 
success on adding data 2022-07-01:23:34:10 
success on adding data 2022-07-01:23:34:20 
success on adding data 2022-07-01:23:34:30 
success on adding data 2022-07-01:23:34:40 
success on adding data 2022-07-01:23:34:50 
success on adding data 2022-07-01:23:35:00 
success on adding data 2022-07-01:23:35:10 
success on adding data 2022-07-01:23:35:20 
success on adding data 2022-07-01:23:35:30 
success on adding data 2022-07-01:23:35:40 
success on adding data 2022-07-01:23:35:50 
success on adding data 2022-07-01:23:36:00 
success on adding data 2022-07-01:23:36:10 
success on adding data 2022-07-01:23:36:20 
success on adding data 2022-07-01:23:36:30 
success on adding data 2022-07-01:23:36:50 
success on adding data 2022-07-01:23:37:00 
success on adding data 2022-07-01:23:37:10 
success on adding data 2022-07-01:23:37:20 
success on adding data 2022-07-01:23:37:30 
success on adding data 2022-07-01:23:37:40 
success on adding data 2022-07-01:23:37:50 
success on adding data 2022-07-01:23:38:00 
success on adding data 2022-07-01:23:38:10 
success on adding data 2022-07-01:23:38:20 
success on adding data 2022-07-01:23:38:40 
success on adding data 2022-07-01:23:38:50 
success on adding data 2022-07-01:23:39:00 
success on adding data 2022-07-01:23:39:10 
success on adding data 2022-07-01:23:39:20 
success on adding data 2022-07-01:23:39:30 
success on adding data 2022-07-01:23:39:40 
success on adding data 2022-07-01:23:39:50 
success on adding data 2022-07-01:23:40:00 
success on adding data 2022-07-01:23:40:10 
success on adding data 2022-07-01:23:40:20 
success on adding data 2022-07-01:23:40:30 
success on adding data 2022-07-01:23:40:40 
success on adding data 2022-07-01:23:40:50 
success on adding data 2022-07-01:23:41:00 
success on adding data 2022-07-01:23:41:10 
success on adding data 2022-07-01:23:41:20 
success on adding data 2022-07-01:23:41:30 
success on adding data 2022-07-01:23:41:40 
success on adding data 2022-07-01:23:41:50 
success on adding data 2022-07-01:23:42:00 
success on adding data 2022-07-01:23:42:10 
success on adding data 2022-07-01:23:42:20 
success on adding data 2022-07-01:23:42:30 
success on adding data 2022-07-01:23:42:40 
success on adding data 2022-07-01:23:42:50 
success on adding data 2022-07-01:23:43:00 
success on adding data 2022-07-01:23:43:10 
success on adding data 2022-07-01:23:43:20 
success on adding data 2022-07-01:23:43:30 
success on adding data 2022-07-01:23:43:40 
success on adding data 2022-07-01:23:43:50 
success on adding data 2022-07-01:23:44:00 
success on adding data 2022-07-01:23:44:10 
success on adding data 2022-07-01:23:44:30 
success on adding data 2022-07-01:23:44:40 
success on adding data 2022-07-01:23:44:50 
success on adding data 2022-07-01:23:45:00 
success on adding data 2022-07-01:23:45:10 
success on adding data 2022-07-01:23:45:20 
success on adding data 2022-07-01:23:45:30 
success on adding data 2022-07-01:23:45:40 
success on adding data 2022-07-01:23:45:50 
success on adding data 2022-07-01:23:46:00 
success on adding data 2022-07-01:23:46:20 
success on adding data 2022-07-01:23:46:30 
success on adding data 2022-07-01:23:46:40 
success on adding data 2022-07-01:23:46:50 
success on adding data 2022-07-01:23:47:00 
success on adding data 2022-07-01:23:47:10 
success on adding data 2022-07-01:23:47:20 
success on adding data 2022-07-01:23:47:30 
success on adding data 2022-07-01:23:47:40 
success on adding data 2022-07-01:23:47:50 
success on adding data 2022-07-01:23:48:00 
success on adding data 2022-07-01:23:48:10 
success on adding data 2022-07-01:23:48:20 
success on adding data 2022-07-01:23:48:30 
success on adding data 2022-07-01:23:48:40 
success on adding data 2022-07-01:23:48:50 
success on adding data 2022-07-01:23:49:00 
success on adding data 2022-07-01:23:49:10 
success on adding data 2022-07-01:23:49:20 
success on adding data 2022-07-01:23:49:30 
success on adding data 2022-07-01:23:49:40 
success on adding data 2022-07-01:23:49:50 
success on adding data 2022-07-01:23:50:00 
success on adding data 2022-07-01:23:50:10 
success on adding data 2022-07-01:23:50:20 
success on adding data 2022-07-01:23:50:30 
success on adding data 2022-07-01:23:50:40 
success on adding data 2022-07-01:23:50:50 
success on adding data 2022-07-01:23:51:00 
success on adding data 2022-07-01:23:51:10 
success on adding data 2022-07-01:23:51:20 
success on adding data 2022-07-01:23:51:30 
success on adding data 2022-07-01:23:51:40 
success on adding data 2022-07-01:23:51:50 
success on adding data 2022-07-01:23:52:00 
success on adding data 2022-07-01:23:52:20 
success on adding data 2022-07-01:23:52:30 
success on adding data 2022-07-01:23:52:40 
success on adding data 2022-07-01:23:52:50 
success on adding data 2022-07-01:23:53:00 
success on adding data 2022-07-01:23:53:10 
success on adding data 2022-07-01:23:53:20 
success on adding data 2022-07-01:23:53:30 
success on adding data 2022-07-01:23:53:40 
success on adding data 2022-07-01:23:53:50 
success on adding data 2022-07-01:23:54:00 
success on adding data 2022-07-01:23:54:10 
success on adding data 2022-07-01:23:54:20 
success on adding data 2022-07-01:23:54:30 
success on adding data 2022-07-01:23:54:40 
success on adding data 2022-07-01:23:54:50 
success on adding data 2022-07-01:23:55:00 
success on adding data 2022-07-01:23:55:10 
success on adding data 2022-07-01:23:55:20 
success on adding data 2022-07-01:23:55:30 
success on adding data 2022-07-01:23:55:40 
success on adding data 2022-07-01:23:55:50 
success on adding data 2022-07-01:23:56:00 
success on adding data 2022-07-01:23:56:10 
success on adding data 2022-07-01:23:56:20 
success on adding data 2022-07-01:23:56:30 
success on adding data 2022-07-01:23:56:40 
success on adding data 2022-07-01:23:56:50 
success on adding data 2022-07-01:23:57:00 
success on adding data 2022-07-01:23:57:10 
success on adding data 2022-07-01:23:57:20 
success on adding data 2022-07-01:23:57:30 
success on adding data 2022-07-01:23:57:40 
success on adding data 2022-07-01:23:57:50 
success on adding data 2022-07-01:23:58:00 
success on adding data 2022-07-01:23:58:10 
success on adding data 2022-07-01:23:58:20 
success on adding data 2022-07-01:23:58:30 
success on adding data 2022-07-01:23:58:40 
success on adding data 2022-07-01:23:58:50 
success on adding data 2022-07-01:23:59:00 
success on adding data 2022-07-01:23:59:10 
success on adding data 2022-07-01:23:59:20 
success on adding data 2022-07-01:23:59:30 
success on adding data 2022-07-01:23:59:40 
success on adding data 2022-07-01:23:59:50 
Error: Failed to decode JSON dataNo data foundError: Failed to decode JSON dataNo data foundError: Failed to decode JSON dataNo data foundError: Failed to decode JSON dataNo data foundError: Failed to decode JSON dataNo data foundError: Failed to decode JSON dataNo data foundError: Failed to decode JSON dataNo data foundError: Failed to decode JSON dataNo data foundError: Failed to decode JSON dataNo data foundError: Failed to decode JSON dataNo data foundError: Failed to decode JSON dataNo data foundError: Failed to decode JSON dataNo data foundError: Failed to decode JSON dataNo data foundError: Failed to decode JSON dataNo data foundError: Failed to decode JSON dataNo data foundError: Failed to decode JSON dataNo data foundError: Failed to decode JSON dataNo data foundError: Failed to decode JSON dataNo data foundsuccess on adding data 2022-07-01:00:00:10 
success on adding data 2022-07-01:00:00:20 
success on adding data 2022-07-01:00:00:30 
success on adding data 2022-07-01:00:00:40 
success on adding data 2022-07-01:00:00:50 
success on adding data 2022-07-01:00:01:00 
success on adding data 2022-07-01:00:01:10 
success on adding data 2022-07-01:00:01:20 
success on adding data 2022-07-01:00:01:30 
success on adding data 2022-07-01:00:01:40 
success on adding data 2022-07-01:00:01:50 
success on adding data 2022-07-01:00:02:00 
success on adding data 2022-07-01:00:02:10 
success on adding data 2022-07-01:00:02:20 
success on adding data 2022-07-01:00:02:30 
success on adding data 2022-07-01:00:02:40 
success on adding data 2022-07-01:00:02:50 
success on adding data 2022-07-01:00:03:00 
success on adding data 2022-07-01:00:03:10 
success on adding data 2022-07-01:00:03:20 
success on adding data 2022-07-01:00:03:30 
success on adding data 2022-07-01:00:03:40 
success on adding data 2022-07-01:00:03:50 
success on adding data 2022-07-01:00:04:00 
success on adding data 2022-07-01:00:04:10 
success on adding data 2022-07-01:00:04:20 
success on adding data 2022-07-01:00:04:30 
success on adding data 2022-07-01:00:04:40 
success on adding data 2022-07-01:00:04:50 
success on adding data 2022-07-01:00:05:00 
success on adding data 2022-07-01:00:05:10 
success on adding data 2022-07-01:00:05:20 
success on adding data 2022-07-01:00:05:30 
success on adding data 2022-07-01:00:05:40 
success on adding data 2022-07-01:00:05:50 
success on adding data 2022-07-01:00:06:00 
success on adding data 2022-07-01:00:06:10 
success on adding data 2022-07-01:00:06:20 
success on adding data 2022-07-01:00:06:30 
success on adding data 2022-07-01:00:06:40 
success on adding data 2022-07-01:00:06:50 
success on adding data 2022-07-01:00:07:00 
success on adding data 2022-07-01:00:07:10 
success on adding data 2022-07-01:00:07:20 
success on adding data 2022-07-01:00:07:30 
success on adding data 2022-07-01:00:07:40 
success on adding data 2022-07-01:00:07:50 
success on adding data 2022-07-01:00:08:00 
success on adding data 2022-07-01:00:08:10 
success on adding data 2022-07-01:00:08:20 
success on adding data 2022-07-01:00:08:30 
success on adding data 2022-07-01:00:08:40 
success on adding data 2022-07-01:00:08:50 
success on adding data 2022-07-01:00:09:00 
success on adding data 2022-07-01:00:09:10 
success on adding data 2022-07-01:00:09:20 
success on adding data 2022-07-01:00:09:30 
success on adding data 2022-07-01:00:09:40 
success on adding data 2022-07-01:00:09:50 
success on adding data 2022-07-01:00:10:00 
success on adding data 2022-07-01:00:10:10 
success on adding data 2022-07-01:00:10:20 
success on adding data 2022-07-01:00:10:30 
success on adding data 2022-07-01:00:10:40 
success on adding data 2022-07-01:00:10:50 
success on adding data 2022-07-01:00:11:00 
success on adding data 2022-07-01:00:11:10 
success on adding data 2022-07-01:00:11:20 
success on adding data 2022-07-01:00:11:30 
success on adding data 2022-07-01:00:11:40 
success on adding data 2022-07-01:00:11:50 
success on adding data 2022-07-01:00:12:00 
success on adding data 2022-07-01:00:12:10 
success on adding data 2022-07-01:00:12:20 
success on adding data 2022-07-01:00:12:30 
success on adding data 2022-07-01:00:12:40 
success on adding data 2022-07-01:00:12:50 
success on adding data 2022-07-01:00:13:00 
success on adding data 2022-07-01:00:13:10 
success on adding data 2022-07-01:00:13:20 
success on adding data 2022-07-01:00:13:30 
success on adding data 2022-07-01:00:13:40 
success on adding data 2022-07-01:00:13:50 
success on adding data 2022-07-01:00:14:00 
success on adding data 2022-07-01:00:14:10 
success on adding data 2022-07-01:00:14:20 
success on adding data 2022-07-01:00:14:30 
success on adding data 2022-07-01:00:14:40 
success on adding data 2022-07-01:00:14:50 
success on adding data 2022-07-01:00:15:00 
success on adding data 2022-07-01:00:15:10 
success on adding data 2022-07-01:00:15:20 
success on adding data 2022-07-01:00:15:30 
success on adding data 2022-07-01:00:15:40 
success on adding data 2022-07-01:00:15:50 
success on adding data 2022-07-01:00:16:00 
success on adding data 2022-07-01:00:16:10 
success on adding data 2022-07-01:00:16:20 
success on adding data 2022-07-01:00:16:30 
success on adding data 2022-07-01:00:16:40 
success on adding data 2022-07-01:00:16:50 
success on adding data 2022-07-01:00:17:00 
success on adding data 2022-07-01:00:17:10 
success on adding data 2022-07-01:00:17:20 
success on adding data 2022-07-01:00:17:30 
success on adding data 2022-07-01:00:17:40 
success on adding data 2022-07-01:00:17:50 
success on adding data 2022-07-01:00:18:00 
success on adding data 2022-07-01:00:18:10 
success on adding data 2022-07-01:00:18:20 
success on adding data 2022-07-01:00:18:30 
success on adding data 2022-07-01:00:18:40 
success on adding data 2022-07-01:00:18:50 
success on adding data 2022-07-01:00:19:00 
success on adding data 2022-07-01:00:19:10 
success on adding data 2022-07-01:00:19:20 
success on adding data 2022-07-01:00:19:30 
success on adding data 2022-07-01:00:19:40 
success on adding data 2022-07-01:00:19:50 
success on adding data 2022-07-01:00:20:00 
success on adding data 2022-07-01:00:20:10 
success on adding data 2022-07-01:00:20:20 
success on adding data 2022-07-01:00:20:30 
success on adding data 2022-07-01:00:20:40 
success on adding data 2022-07-01:00:20:50 
success on adding data 2022-07-01:00:21:00 
success on adding data 2022-07-01:00:21:10 
success on adding data 2022-07-01:00:21:20 
success on adding data 2022-07-01:00:21:30 
success on adding data 2022-07-01:00:21:40 
success on adding data 2022-07-01:00:21:50 
success on adding data 2022-07-01:00:22:00 
success on adding data 2022-07-01:00:22:10 
success on adding data 2022-07-01:00:22:20 
success on adding data 2022-07-01:00:22:30 
success on adding data 2022-07-01:00:22:40 
success on adding data 2022-07-01:00:22:50 
success on adding data 2022-07-01:00:23:00 
success on adding data 2022-07-01:00:23:10 
success on adding data 2022-07-01:00:23:20 
success on adding data 2022-07-01:00:23:30 
success on adding data 2022-07-01:00:23:40 
success on adding data 2022-07-01:00:23:50 
success on adding data 2022-07-01:00:24:00 
success on adding data 2022-07-01:00:24:10 
success on adding data 2022-07-01:00:24:20 
success on adding data 2022-07-01:00:24:30 
success on adding data 2022-07-01:00:24:40 
success on adding data 2022-07-01:00:24:50 
success on adding data 2022-07-01:00:25:00 
success on adding data 2022-07-01:00:25:10 
success on adding data 2022-07-01:00:25:20 
success on adding data 2022-07-01:00:25:30 
success on adding data 2022-07-01:00:25:40 
success on adding data 2022-07-01:00:25:50 
success on adding data 2022-07-01:00:26:00 
success on adding data 2022-07-01:00:26:10 
success on adding data 2022-07-01:00:26:20 
success on adding data 2022-07-01:00:26:30 
success on adding data 2022-07-01:00:26:40 
success on adding data 2022-07-01:00:26:50 
success on adding data 2022-07-01:00:27:00 
success on adding data 2022-07-01:00:27:10 
success on adding data 2022-07-01:00:27:20 
success on adding data 2022-07-01:00:27:30 
success on adding data 2022-07-01:00:27:40 
success on adding data 2022-07-01:00:27:50 
success on adding data 2022-07-01:00:28:00 
success on adding data 2022-07-01:00:28:10 
success on adding data 2022-07-01:00:28:20 
success on adding data 2022-07-01:00:28:30 
success on adding data 2022-07-01:00:28:40 
